c:\users\김승현\desktop\fileprocessing\파일처리\파일처리\debug\vc141.pdb
c:\users\김승현\desktop\fileprocessing\파일처리\파일처리\debug\vc141.idb
c:\users\김승현\desktop\fileprocessing\파일처리\파일처리\debug\varlen.obj
c:\users\김승현\desktop\fileprocessing\파일처리\파일처리\debug\update.obj
c:\users\김승현\desktop\fileprocessing\파일처리\파일처리\debug\showtest.obj
c:\users\김승현\desktop\fileprocessing\파일처리\파일처리\debug\search.obj
c:\users\김승현\desktop\fileprocessing\파일처리\파일처리\debug\recordtest.obj
c:\users\김승현\desktop\fileprocessing\파일처리\파일처리\debug\purchase.obj
c:\users\김승현\desktop\fileprocessing\파일처리\파일처리\debug\member.obj
c:\users\김승현\desktop\fileprocessing\파일처리\파일처리\debug\lecturepurchasesystem.obj
c:\users\김승현\desktop\fileprocessing\파일처리\파일처리\debug\lecture.obj
c:\users\김승현\desktop\fileprocessing\파일처리\파일처리\debug\iobuffer.obj
c:\users\김승현\desktop\fileprocessing\파일처리\파일처리\debug\insert.obj
c:\users\김승현\desktop\fileprocessing\파일처리\파일처리\debug\delim.obj
c:\users\김승현\desktop\fileprocessing\파일처리\파일처리\debug\delete.obj
c:\users\김승현\desktop\fileprocessing\파일처리\파일처리\debug\buffile.obj
c:\users\김승현\desktop\fileprocessing\파일처리\debug\파일처리.ilk
c:\users\김승현\desktop\fileprocessing\파일처리\debug\파일처리.exe
c:\users\김승현\desktop\fileprocessing\파일처리\debug\파일처리.pdb
c:\users\김승현\desktop\fileprocessing\파일처리\파일처리\debug\파일처리.tlog\cl.command.1.tlog
c:\users\김승현\desktop\fileprocessing\파일처리\파일처리\debug\파일처리.tlog\cl.read.1.tlog
c:\users\김승현\desktop\fileprocessing\파일처리\파일처리\debug\파일처리.tlog\cl.write.1.tlog
c:\users\김승현\desktop\fileprocessing\파일처리\파일처리\debug\파일처리.tlog\link.command.1.tlog
c:\users\김승현\desktop\fileprocessing\파일처리\파일처리\debug\파일처리.tlog\link.read.1.tlog
c:\users\김승현\desktop\fileprocessing\파일처리\파일처리\debug\파일처리.tlog\link.write.1.tlog
